#
# There is insufficient memory for the Java Runtime Environment to continue.
# Native memory allocation (malloc) failed to allocate 32744 bytes for ChunkPool::allocate
# Possible reasons:
#   The system is out of physical RAM or swap space
#   The process is running with CompressedOops enabled, and the Java Heap may be blocking the growth of the native heap
# Possible solutions:
#   Reduce memory load on the system
#   Increase physical memory or swap space
#   Check if swap backing store is full
#   Decrease Java heap size (-Xmx/-Xms)
#   Decrease number of Java threads
#   Decrease Java thread stack sizes (-Xss)
#   Set larger code cache with -XX:ReservedCodeCacheSize=
#   JVM is running with Unscaled Compressed Oops mode in which the Java heap is
#     placed in the first 4GB address space. The Java Heap base address is the
#     maximum limit for the native heap growth. Please use -XX:HeapBaseMinAddress
#     to set the Java Heap base and to place the Java Heap above 4GB virtual address.
# This output file may be truncated or incomplete.
#
#  Out of Memory Error (allocation.cpp:272), pid=8288, tid=0x0000000000002fb0
#
# JRE version: Java(TM) SE Runtime Environment (8.0_241-b07) (build 1.8.0_241-b07)
# Java VM: Java HotSpot(TM) 64-Bit Server VM (25.241-b07 mixed mode windows-amd64 compressed oops)
# Failed to write core dump. Minidumps are not enabled by default on client versions of Windows
#

---------------  T H R E A D  ---------------

Current thread (0x000000001666b800):  JavaThread "C2 CompilerThread1" daemon [_thread_in_native, id=12208, stack(0x00000000168c0000,0x00000000169c0000)]

Stack: [0x00000000168c0000,0x00000000169c0000]
[error occurred during error reporting (printing stack bounds), id 0xc0000005]

Native frames: (J=compiled Java code, j=interpreted, Vv=VM code, C=native code)


Current CompileTask:
C2:   6038 1978       4       java.util.HashSet::add (20 bytes)


---------------  P R O C E S S  ---------------

Java Threads: ( => current thread )
  0x00000000166bd000 JavaThread "Service Thread" daemon [_thread_blocked, id=16020, stack(0x00000000172c0000,0x00000000173c0000)]
  0x000000001666d800 JavaThread "C1 CompilerThread2" daemon [_thread_blocked, id=11320, stack(0x00000000169c0000,0x0000000016ac0000)]
=>0x000000001666b800 JavaThread "C2 CompilerThread1" daemon [_thread_in_native, id=12208, stack(0x00000000168c0000,0x00000000169c0000)]
  0x000000001666a800 JavaThread "C2 CompilerThread0" daemon [_thread_in_native, id=13144, stack(0x00000000167c0000,0x00000000168c0000)]
  0x000000001661c000 JavaThread "Monitor Ctrl-Break" daemon [_thread_in_native, id=14564, stack(0x00000000166c0000,0x00000000167c0000)]
  0x0000000014c75800 JavaThread "Attach Listener" daemon [_thread_blocked, id=16396, stack(0x00000000161c0000,0x00000000162c0000)]
  0x0000000014c72800 JavaThread "Signal Dispatcher" daemon [_thread_blocked, id=14344, stack(0x00000000160c0000,0x00000000161c0000)]
  0x00000000026aa000 JavaThread "Finalizer" daemon [_thread_blocked, id=6896, stack(0x0000000015ec0000,0x0000000015fc0000)]
  0x00000000026a7000 JavaThread "Reference Handler" daemon [_thread_blocked, id=13804, stack(0x0000000015dc0000,0x0000000015ec0000)]
  0x00000000023ad000 JavaThread "main" [_thread_in_native, id=14992, stack(0x00000000023b0000,0x00000000024b0000)]

Other Threads:
  0x0000000014c37000 VMThread [stack: 0x0000000015cc0000,0x0000000015dc0000] [id=2240]
  0x00000000166be800 WatcherThread [stack: 0x00000000173c0000,0x00000000174c0000] [id=13480]

VM state:not at safepoint (normal execution)

VM Mutex/Monitor currently owned by a thread: None

heap address: 0x00000000c1e00000, size: 994 MB, Compressed Oops mode: 32-bit
Narrow klass base: 0x0000000000000000, Narrow klass shift: 3
Compressed class space size: 1073741824 Address: 0x0000000100000000

Heap:
 PSYoungGen      total 35328K, used 9650K [0x00000000eb500000, 0x00000000eda00000, 0x0000000100000000)
  eden space 32768K, 29% used [0x00000000eb500000,0x00000000ebe6c978,0x00000000ed500000)
  from space 2560K, 0% used [0x00000000ed780000,0x00000000ed780000,0x00000000eda00000)
  to   space 2560K, 0% used [0x00000000ed500000,0x00000000ed500000,0x00000000ed780000)
 ParOldGen       total 40448K, used 10226K [0x00000000c1e00000, 0x00000000c4580000, 0x00000000eb500000)
  object space 40448K, 25% used [0x00000000c1e00000,0x00000000c27fc828,0x00000000c4580000)
 Metaspace       used 20634K, capacity 21350K, committed 21680K, reserved 1069056K
  class space    used 2540K, capacity 2709K, committed 2816K, reserved 1048576K

Card table byte_map: [0x0000000011a70000,0x0000000011c70000] byte_map_base: 0x0000000011461000

Marking Bits: (ParMarkBitMap*) 0x000000007694be30
 Begin Bits: [0x00000000121c0000, 0x0000000013148000)
 End Bits:   [0x0000000013148000, 0x00000000140d0000)

Polling page: 0x0000000000630000

CodeCache: size=245760Kb used=6699Kb max_used=6699Kb free=239060Kb
 bounds [0x00000000026b0000, 0x0000000002d40000, 0x00000000116b0000]
 total_blobs=2341 nmethods=1977 adapters=276
 compilation: enabled

Compilation events (10 events):
Event: 6.021 Thread 0x000000001666d800 nmethod 1973 0x0000000002d37410 code [0x0000000002d37760, 0x0000000002d39118]
Event: 6.022 Thread 0x000000001666d800 1974       3       org.springframework.boot.autoconfigure.condition.OnBeanCondition::getOutcome (54 bytes)
Event: 6.024 Thread 0x000000001666d800 nmethod 1974 0x0000000002d3a010 code [0x0000000002d3a240, 0x0000000002d3aeb8]
Event: 6.025 Thread 0x000000001666d800 1975       3       org.springframework.core.env.MapPropertySource::getPropertyNames (16 bytes)
Event: 6.026 Thread 0x000000001666b800 1978       4       java.util.HashSet::add (20 bytes)
Event: 6.026 Thread 0x000000001666d800 nmethod 1975 0x0000000002d3b550 code [0x0000000002d3b720, 0x0000000002d3be68]
Event: 6.026 Thread 0x000000001666d800 1976       3       org.springframework.boot.context.properties.source.SpringConfigurationPropertySources$SourcesIterator::next (5 bytes)
Event: 6.027 Thread 0x000000001666d800 nmethod 1976 0x0000000002d3c050 code [0x0000000002d3c1e0, 0x0000000002d3c4f8]
Event: 6.027 Thread 0x000000001666d800 1977       3       org.springframework.boot.context.properties.source.SpringConfigurationPropertySources$SourcesIterator::next (24 bytes)
Event: 6.027 Thread 0x000000001666d800 nmethod 1977 0x0000000002d3c690 code [0x0000000002d3c800, 0x0000000002d3ca98]

GC Heap History (10 events):
Event: 3.507 GC heap before
{Heap before GC invocations=5 (full 0):
 PSYoungGen      total 35328K, used 35320K [0x00000000eb500000, 0x00000000eda00000, 0x0000000100000000)
  eden space 32768K, 100% used [0x00000000eb500000,0x00000000ed500000,0x00000000ed500000)
  from space 2560K, 99% used [0x00000000ed780000,0x00000000ed9fe1e0,0x00000000eda00000)
  to   space 2560K, 0% used [0x00000000ed500000,0x00000000ed500000,0x00000000ed780000)
 ParOldGen       total 44032K, used 3705K [0x00000000c1e00000, 0x00000000c4900000, 0x00000000eb500000)
  object space 44032K, 8% used [0x00000000c1e00000,0x00000000c219e488,0x00000000c4900000)
 Metaspace       used 16470K, capacity 16990K, committed 17280K, reserved 1064960K
  class space    used 2000K, capacity 2151K, committed 2176K, reserved 1048576K
Event: 3.519 GC heap after
Heap after GC invocations=5 (full 0):
 PSYoungGen      total 35328K, used 2551K [0x00000000eb500000, 0x00000000eda00000, 0x0000000100000000)
  eden space 32768K, 0% used [0x00000000eb500000,0x00000000eb500000,0x00000000ed500000)
  from space 2560K, 99% used [0x00000000ed500000,0x00000000ed77ddb8,0x00000000ed780000)
  to   space 2560K, 0% used [0x00000000ed780000,0x00000000ed780000,0x00000000eda00000)
 ParOldGen       total 44032K, used 7302K [0x00000000c1e00000, 0x00000000c4900000, 0x00000000eb500000)
  object space 44032K, 16% used [0x00000000c1e00000,0x00000000c2521870,0x00000000c4900000)
 Metaspace       used 16470K, capacity 16990K, committed 17280K, reserved 1064960K
  class space    used 2000K, capacity 2151K, committed 2176K, reserved 1048576K
}
Event: 4.080 GC heap before
{Heap before GC invocations=6 (full 0):
 PSYoungGen      total 35328K, used 35309K [0x00000000eb500000, 0x00000000eda00000, 0x0000000100000000)
  eden space 32768K, 99% used [0x00000000eb500000,0x00000000ed4fd6e0,0x00000000ed500000)
  from space 2560K, 99% used [0x00000000ed500000,0x00000000ed77ddb8,0x00000000ed780000)
  to   space 2560K, 0% used [0x00000000ed780000,0x00000000ed780000,0x00000000eda00000)
 ParOldGen       total 44032K, used 7302K [0x00000000c1e00000, 0x00000000c4900000, 0x00000000eb500000)
  object space 44032K, 16% used [0x00000000c1e00000,0x00000000c2521870,0x00000000c4900000)
 Metaspace       used 18695K, capacity 19234K, committed 19456K, reserved 1067008K
  class space    used 2315K, capacity 2465K, committed 2560K, reserved 1048576K
Event: 4.092 GC heap after
Heap after GC invocations=6 (full 0):
 PSYoungGen      total 35328K, used 2553K [0x00000000eb500000, 0x00000000eda00000, 0x0000000100000000)
  eden space 32768K, 0% used [0x00000000eb500000,0x00000000eb500000,0x00000000ed500000)
  from space 2560K, 99% used [0x00000000ed780000,0x00000000ed9fe610,0x00000000eda00000)
  to   space 2560K, 0% used [0x00000000ed500000,0x00000000ed500000,0x00000000ed780000)
 ParOldGen       total 44032K, used 9520K [0x00000000c1e00000, 0x00000000c4900000, 0x00000000eb500000)
  object space 44032K, 21% used [0x00000000c1e00000,0x00000000c274c320,0x00000000c4900000)
 Metaspace       used 18695K, capacity 19234K, committed 19456K, reserved 1067008K
  class space    used 2315K, capacity 2465K, committed 2560K, reserved 1048576K
}
Event: 4.638 GC heap before
{Heap before GC invocations=7 (full 0):
 PSYoungGen      total 35328K, used 35321K [0x00000000eb500000, 0x00000000eda00000, 0x0000000100000000)
  eden space 32768K, 100% used [0x00000000eb500000,0x00000000ed500000,0x00000000ed500000)
  from space 2560K, 99% used [0x00000000ed780000,0x00000000ed9fe610,0x00000000eda00000)
  to   space 2560K, 0% used [0x00000000ed500000,0x00000000ed500000,0x00000000ed780000)
 ParOldGen       total 44032K, used 9520K [0x00000000c1e00000, 0x00000000c4900000, 0x00000000eb500000)
  object space 44032K, 21% used [0x00000000c1e00000,0x00000000c274c320,0x00000000c4900000)
 Metaspace       used 19064K, capacity 19700K, committed 19968K, reserved 1067008K
  class space    used 2351K, capacity 2504K, committed 2560K, reserved 1048576K
Event: 4.647 GC heap after
Heap after GC invocations=7 (full 0):
 PSYoungGen      total 35328K, used 2285K [0x00000000eb500000, 0x00000000eda00000, 0x0000000100000000)
  eden space 32768K, 0% used [0x00000000eb500000,0x00000000eb500000,0x00000000ed500000)
  from space 2560K, 89% used [0x00000000ed500000,0x00000000ed73b770,0x00000000ed780000)
  to   space 2560K, 0% used [0x00000000ed780000,0x00000000ed780000,0x00000000eda00000)
 ParOldGen       total 44032K, used 10716K [0x00000000c1e00000, 0x00000000c4900000, 0x00000000eb500000)
  object space 44032K, 24% used [0x00000000c1e00000,0x00000000c2877268,0x00000000c4900000)
 Metaspace       used 19064K, capacity 19700K, committed 19968K, reserved 1067008K
  class space    used 2351K, capacity 2504K, committed 2560K, reserved 1048576K
}
Event: 5.680 GC heap before
{Heap before GC invocations=8 (full 0):
 PSYoungGen      total 35328K, used 29141K [0x00000000eb500000, 0x00000000eda00000, 0x0000000100000000)
  eden space 32768K, 81% used [0x00000000eb500000,0x00000000ecf39e80,0x00000000ed500000)
  from space 2560K, 89% used [0x00000000ed500000,0x00000000ed73b770,0x00000000ed780000)
  to   space 2560K, 0% used [0x00000000ed780000,0x00000000ed780000,0x00000000eda00000)
 ParOldGen       total 44032K, used 10716K [0x00000000c1e00000, 0x00000000c4900000, 0x00000000eb500000)
  object space 44032K, 24% used [0x00000000c1e00000,0x00000000c2877268,0x00000000c4900000)
 Metaspace       used 20474K, capacity 21212K, committed 21296K, reserved 1069056K
  class space    used 2511K, capacity 2668K, committed 2688K, reserved 1048576K
Event: 5.692 GC heap after
Heap after GC invocations=8 (full 0):
 PSYoungGen      total 35328K, used 2552K [0x00000000eb500000, 0x00000000eda00000, 0x0000000100000000)
  eden space 32768K, 0% used [0x00000000eb500000,0x00000000eb500000,0x00000000ed500000)
  from space 2560K, 99% used [0x00000000ed780000,0x00000000ed9fe318,0x00000000eda00000)
  to   space 2560K, 0% used [0x00000000ed500000,0x00000000ed500000,0x00000000ed780000)
 ParOldGen       total 44032K, used 12775K [0x00000000c1e00000, 0x00000000c4900000, 0x00000000eb500000)
  object space 44032K, 29% used [0x00000000c1e00000,0x00000000c2a79fe8,0x00000000c4900000)
 Metaspace       used 20474K, capacity 21212K, committed 21296K, reserved 1069056K
  class space    used 2511K, capacity 2668K, committed 2688K, reserved 1048576K
}
Event: 5.693 GC heap before
{Heap before GC invocations=9 (full 1):
 PSYoungGen      total 35328K, used 2552K [0x00000000eb500000, 0x00000000eda00000, 0x0000000100000000)
  eden space 32768K, 0% used [0x00000000eb500000,0x00000000eb500000,0x00000000ed500000)
  from space 2560K, 99% used [0x00000000ed780000,0x00000000ed9fe318,0x00000000eda00000)
  to   space 2560K, 0% used [0x00000000ed500000,0x00000000ed500000,0x00000000ed780000)
 ParOldGen       total 44032K, used 12775K [0x00000000c1e00000, 0x00000000c4900000, 0x00000000eb500000)
  object space 44032K, 29% used [0x00000000c1e00000,0x00000000c2a79fe8,0x00000000c4900000)
 Metaspace       used 20474K, capacity 21212K, committed 21296K, reserved 1069056K
  class space    used 2511K, capacity 2668K, committed 2688K, reserved 1048576K
Event: 5.821 GC heap after
Heap after GC invocations=9 (full 1):
 PSYoungGen      total 35328K, used 0K [0x00000000eb500000, 0x00000000eda00000, 0x0000000100000000)
  eden space 32768K, 0% used [0x00000000eb500000,0x00000000eb500000,0x00000000ed500000)
  from space 2560K, 0% used [0x00000000ed780000,0x00000000ed780000,0x00000000eda00000)
  to   space 2560K, 0% used [0x00000000ed500000,0x00000000ed500000,0x00000000ed780000)
 ParOldGen       total 40448K, used 10226K [0x00000000c1e00000, 0x00000000c4580000, 0x00000000eb500000)
  object space 40448K, 25% used [0x00000000c1e00000,0x00000000c27fc828,0x00000000c4580000)
 Metaspace       used 20474K, capacity 21212K, committed 21296K, reserved 1069056K
  class space    used 2511K, capacity 2668K, committed 2688K, reserved 1048576K
}

Deoptimization events (10 events):
Event: 3.180 Thread 0x00000000023ad000 Uncommon trap: reason=unstable_if action=reinterpret pc=0x000000000294dc60 method=java.util.HashMap.hash(Ljava/lang/Object;)I @ 1
Event: 3.238 Thread 0x00000000023ad000 Uncommon trap: reason=unstable_if action=reinterpret pc=0x00000000029501fc method=java.util.HashMap.getNode(ILjava/lang/Object;)Ljava/util/HashMap$Node; @ 129
Event: 3.240 Thread 0x00000000023ad000 Uncommon trap: reason=unstable_if action=reinterpret pc=0x0000000002a99df4 method=java.util.HashMap.putVal(ILjava/lang/Object;Ljava/lang/Object;ZZ)Ljava/lang/Object; @ 181
Event: 3.546 Thread 0x00000000023ad000 Uncommon trap: reason=unstable_if action=reinterpret pc=0x0000000002aacdd8 method=java.util.concurrent.ConcurrentHashMap.putVal(Ljava/lang/Object;Ljava/lang/Object;Z)Ljava/lang/Object; @ 206
Event: 3.691 Thread 0x0000000016e53800 Uncommon trap: reason=unstable_if action=reinterpret pc=0x0000000002a47c68 method=jdk.internal.org.objectweb.asm.Type.getArgumentsAndReturnSizes(Ljava/lang/String;)I @ 47
Event: 3.754 Thread 0x00000000023ad000 Uncommon trap: reason=unstable_if action=reinterpret pc=0x0000000002999d1c method=java.io.WinNTFileSystem.normalize(Ljava/lang/String;)Ljava/lang/String; @ 128
Event: 4.468 Thread 0x00000000023ad000 Uncommon trap: reason=class_check action=maybe_recompile pc=0x0000000002ab4208 method=java.util.HashMap.putVal(ILjava/lang/Object;Ljava/lang/Object;ZZ)Ljava/lang/Object; @ 203
Event: 5.021 Thread 0x00000000023ad000 Uncommon trap: reason=class_check action=maybe_recompile pc=0x0000000002ab4208 method=java.util.HashMap.putVal(ILjava/lang/Object;Ljava/lang/Object;ZZ)Ljava/lang/Object; @ 203
Event: 5.094 Thread 0x00000000023ad000 Uncommon trap: reason=class_check action=maybe_recompile pc=0x0000000002ab4208 method=java.util.HashMap.putVal(ILjava/lang/Object;Ljava/lang/Object;ZZ)Ljava/lang/Object; @ 203
Event: 5.279 Thread 0x00000000023ad000 Uncommon trap: reason=class_check action=maybe_recompile pc=0x0000000002ab4208 method=java.util.HashMap.putVal(ILjava/lang/Object;Ljava/lang/Object;ZZ)Ljava/lang/Object; @ 203

Classes redefined (0 events):
No events

Internal exceptions (10 events):
Event: 3.685 Thread 0x00000000023ad000 Exception <a 'java/lang/ClassNotFoundException': org/springframework/beans/factory/AwareCustomizer> (0x00000000ec165de8) thrown at [C:\ade\jenkins\workspace\8-2-build-windows-amd64-cygwin\jdk8u241\331\hotspot\src\share\vm\classfile\systemDictionary.cpp, l
Event: 3.686 Thread 0x00000000023ad000 Exception <a 'java/lang/ClassNotFoundException': org/springframework/beans/factory/BeanClassLoaderAwareCustomizer> (0x00000000ec17e850) thrown at [C:\ade\jenkins\workspace\8-2-build-windows-amd64-cygwin\jdk8u241\331\hotspot\src\share\vm\classfile\systemDi
Event: 3.687 Thread 0x00000000023ad000 Exception <a 'java/lang/ClassNotFoundException': org/springframework/beans/factory/AwareCustomizer> (0x00000000ec193ee8) thrown at [C:\ade\jenkins\workspace\8-2-build-windows-amd64-cygwin\jdk8u241\331\hotspot\src\share\vm\classfile\systemDictionary.cpp, l
Event: 3.688 Thread 0x00000000023ad000 Exception <a 'java/lang/ClassNotFoundException': org/springframework/context/EnvironmentAwareCustomizer> (0x00000000ec1a9a10) thrown at [C:\ade\jenkins\workspace\8-2-build-windows-amd64-cygwin\jdk8u241\331\hotspot\src\share\vm\classfile\systemDictionary.c
Event: 3.689 Thread 0x00000000023ad000 Exception <a 'java/lang/ClassNotFoundException': org/springframework/beans/factory/AwareCustomizer> (0x00000000ec1bef88) thrown at [C:\ade\jenkins\workspace\8-2-build-windows-amd64-cygwin\jdk8u241\331\hotspot\src\share\vm\classfile\systemDictionary.cpp, l
Event: 3.708 Thread 0x0000000016e53800 Exception <a 'java/lang/IncompatibleClassChangeError': Found class java.lang.Object, but interface was expected> (0x00000000ec1fc580) thrown at [C:\ade\jenkins\workspace\8-2-build-windows-amd64-cygwin\jdk8u241\331\hotspot\src\share\vm\interpreter\linkReso
Event: 4.590 Thread 0x00000000023ad000 Exception <a 'java/lang/NoSuchMethodError': java.lang.Object.lambda$or$2(Ljava/util/function/Predicate;Ljava/lang/Object;)Z> (0x00000000ed3ab1f0) thrown at [C:\ade\jenkins\workspace\8-2-build-windows-amd64-cygwin\jdk8u241\331\hotspot\src\share\vm\interpre
Event: 4.976 Thread 0x00000000023ad000 Exception <a 'java/lang/IncompatibleClassChangeError': Found class java.lang.Object, but interface was expected> (0x00000000ebe3c7b8) thrown at [C:\ade\jenkins\workspace\8-2-build-windows-amd64-cygwin\jdk8u241\331\hotspot\src\share\vm\interpreter\linkReso
Event: 5.035 Thread 0x00000000023ad000 Exception <a 'java/lang/NoSuchMethodError': java.lang.Object.lambda$getAllAnnotationAttributes$0(Lorg/springframework/util/MultiValueMap;)Lorg/springframework/util/MultiValueMap;> (0x00000000ec0a1dd8) thrown at [C:\ade\jenkins\workspace\8-2-build-windows-
Event: 5.037 Thread 0x00000000023ad000 Exception <a 'java/lang/NoSuchMethodError': java.lang.Object.lambda$identity$2(Ljava/lang/Object;)Ljava/lang/Object;> (0x00000000ec0b98e8) thrown at [C:\ade\jenkins\workspace\8-2-build-windows-amd64-cygwin\jdk8u241\331\hotspot\src\share\vm\interpreter\lin

Events (10 events):
Event: 6.018 loading class org/springframework/transaction/annotation/TransactionManagementConfigurationSelector$1
Event: 6.018 loading class org/springframework/transaction/annotation/TransactionManagementConfigurationSelector$1 done
Event: 6.019 loading class org/springframework/context/annotation/AutoProxyRegistrar
Event: 6.019 loading class org/springframework/context/annotation/AutoProxyRegistrar done
Event: 6.020 loading class org/springframework/transaction/annotation/ProxyTransactionManagementConfiguration
Event: 6.020 loading class org/springframework/transaction/annotation/ProxyTransactionManagementConfiguration done
Event: 6.020 loading class org/springframework/transaction/annotation/AbstractTransactionManagementConfiguration
Event: 6.021 loading class org/springframework/transaction/annotation/AbstractTransactionManagementConfiguration done
Event: 6.030 loading class org/springframework/boot/autoconfigure/web/client/RestTemplateAutoConfiguration$NotReactiveWebApplicationCondition
Event: 6.030 loading class org/springframework/boot/autoconfigure/web/client/RestTemplateAutoConfiguration$NotReactiveWebApplicationCondition done


Dynamic libraries:
0x00007ff76a1c0000 - 0x00007ff76a1f7000 	C:\Program Files\Java\jdk1.8.0_241\bin\java.exe
0x00007ff866ca0000 - 0x00007ff866e90000 	C:\Windows\SYSTEM32\ntdll.dll
0x00007ff866890000 - 0x00007ff866942000 	C:\Windows\System32\KERNEL32.DLL
0x00007ff864aa0000 - 0x00007ff864d44000 	C:\Windows\System32\KERNELBASE.dll
0x00007ff8667e0000 - 0x00007ff866883000 	C:\Windows\System32\ADVAPI32.dll
0x00007ff866a70000 - 0x00007ff866b0e000 	C:\Windows\System32\msvcrt.dll
0x00007ff865fe0000 - 0x00007ff866077000 	C:\Windows\System32\sechost.dll
0x00007ff866950000 - 0x00007ff866a70000 	C:\Windows\System32\RPCRT4.dll
0x00007ff865e40000 - 0x00007ff865fd4000 	C:\Windows\System32\USER32.dll
0x00007ff863c20000 - 0x00007ff863c41000 	C:\Windows\System32\win32u.dll
0x00007ff866560000 - 0x00007ff866586000 	C:\Windows\System32\GDI32.dll
0x00007ff863cb0000 - 0x00007ff863e46000 	C:\Windows\System32\gdi32full.dll
0x00007ff863e50000 - 0x00007ff863eee000 	C:\Windows\System32\msvcp_win.dll
0x00007ff864140000 - 0x00007ff86423a000 	C:\Windows\System32\ucrtbase.dll
0x00007ff8540c0000 - 0x00007ff854344000 	C:\Windows\WinSxS\amd64_microsoft.windows.common-controls_6595b64144ccf1df_6.0.18362.959_none_e6c7bbbf130c62bb\COMCTL32.dll
0x00007ff865720000 - 0x00007ff865a55000 	C:\Windows\System32\combase.dll
0x00007ff864240000 - 0x00007ff8642c0000 	C:\Windows\System32\bcryptPrimitives.dll
0x00007ff865e10000 - 0x00007ff865e3e000 	C:\Windows\System32\IMM32.DLL
0x00000000769d0000 - 0x0000000076aa2000 	C:\Program Files\Java\jdk1.8.0_241\jre\bin\msvcr100.dll
0x0000000076120000 - 0x00000000769cc000 	C:\Program Files\Java\jdk1.8.0_241\jre\bin\server\jvm.dll
0x00007ff866b90000 - 0x00007ff866b98000 	C:\Windows\System32\PSAPI.DLL
0x00007ff85ae20000 - 0x00007ff85ae29000 	C:\Windows\SYSTEM32\WSOCK32.dll
0x00007ff866590000 - 0x00007ff8665ff000 	C:\Windows\System32\WS2_32.dll
0x00007ff85fe80000 - 0x00007ff85fea4000 	C:\Windows\SYSTEM32\WINMM.dll
0x00007ff8533c0000 - 0x00007ff8533ca000 	C:\Windows\SYSTEM32\VERSION.dll
0x00007ff85fe50000 - 0x00007ff85fe7d000 	C:\Windows\SYSTEM32\WINMMBASE.dll
0x00007ff8642c0000 - 0x00007ff86430a000 	C:\Windows\System32\cfgmgr32.dll
0x00007ff860200000 - 0x00007ff86020f000 	C:\Program Files\Java\jdk1.8.0_241\jre\bin\verify.dll
0x00007ff85c010000 - 0x00007ff85c039000 	C:\Program Files\Java\jdk1.8.0_241\jre\bin\java.dll
0x00007ff85bf80000 - 0x00007ff85bfa3000 	C:\Program Files\Java\jdk1.8.0_241\jre\bin\instrument.dll
0x00007ff85bff0000 - 0x00007ff85c006000 	C:\Program Files\Java\jdk1.8.0_241\jre\bin\zip.dll
0x00007ff864d50000 - 0x00007ff865436000 	C:\Windows\System32\SHELL32.dll
0x00007ff866bb0000 - 0x00007ff866c59000 	C:\Windows\System32\shcore.dll
0x00007ff864310000 - 0x00007ff864a92000 	C:\Windows\System32\windows.storage.dll
0x00007ff863bd0000 - 0x00007ff863bf3000 	C:\Windows\System32\profapi.dll
0x00007ff863b80000 - 0x00007ff863bca000 	C:\Windows\System32\powrprof.dll
0x00007ff863b50000 - 0x00007ff863b60000 	C:\Windows\System32\UMPDC.dll
0x00007ff865b10000 - 0x00007ff865b62000 	C:\Windows\System32\shlwapi.dll
0x00007ff863c00000 - 0x00007ff863c11000 	C:\Windows\System32\kernel.appcore.dll
0x00007ff863ef0000 - 0x00007ff863f07000 	C:\Windows\System32\cryptsp.dll
0x00007ff85bf60000 - 0x00007ff85bf7a000 	C:\Program Files\JetBrains\IntelliJ IDEA Community Edition 2020.1.1\bin\breakgen64.dll
0x00007ff85bfd0000 - 0x00007ff85bfea000 	C:\Program Files\Java\jdk1.8.0_241\jre\bin\net.dll
0x00007ff8633c0000 - 0x00007ff863427000 	C:\Windows\system32\mswsock.dll
0x00007ff85e2e0000 - 0x00007ff85e2ed000 	C:\Program Files\Java\jdk1.8.0_241\jre\bin\management.dll
0x00007ff84ee80000 - 0x00007ff84ee96000 	C:\Windows\system32\napinsp.dll
0x00007ff84e320000 - 0x00007ff84e33a000 	C:\Windows\system32\pnrpnsp.dll
0x00007ff863110000 - 0x00007ff8631db000 	C:\Windows\SYSTEM32\DNSAPI.dll
0x00007ff865b70000 - 0x00007ff865b78000 	C:\Windows\System32\NSI.dll
0x00007ff8630d0000 - 0x00007ff86310a000 	C:\Windows\SYSTEM32\IPHLPAPI.DLL
0x00007ff84fcd0000 - 0x00007ff84fcde000 	C:\Windows\System32\winrnr.dll
0x00007ff85fe30000 - 0x00007ff85fe4c000 	C:\Windows\system32\NLAapi.dll
0x00007ff85f260000 - 0x00007ff85f275000 	C:\Windows\system32\wshbth.dll
0x00007ff853e30000 - 0x00007ff853e3a000 	C:\Windows\System32\rasadhlp.dll
0x00007ff85ad30000 - 0x00007ff85ada7000 	C:\Windows\System32\fwpuclnt.dll
0x00007ff863fc0000 - 0x00007ff863fe6000 	C:\Windows\System32\bcrypt.dll
0x00007ff85bfb0000 - 0x00007ff85bfc2000 	C:\Program Files\Java\jdk1.8.0_241\jre\bin\nio.dll

VM Arguments:
jvm_args: -javaagent:C:\Program Files\JetBrains\IntelliJ IDEA Community Edition 2020.1.1\lib\idea_rt.jar=50012:C:\Program Files\JetBrains\IntelliJ IDEA Community Edition 2020.1.1\bin -Dfile.encoding=UTF-8 
java_command: com.rosu.onlinestore.OnlinestoreApplication
java_class_path (initial): C:\Program Files\Java\jdk1.8.0_241\jre\lib\charsets.jar;C:\Program Files\Java\jdk1.8.0_241\jre\lib\deploy.jar;C:\Program Files\Java\jdk1.8.0_241\jre\lib\ext\access-bridge-64.jar;C:\Program Files\Java\jdk1.8.0_241\jre\lib\ext\cldrdata.jar;C:\Program Files\Java\jdk1.8.0_241\jre\lib\ext\dnsns.jar;C:\Program Files\Java\jdk1.8.0_241\jre\lib\ext\jaccess.jar;C:\Program Files\Java\jdk1.8.0_241\jre\lib\ext\jfxrt.jar;C:\Program Files\Java\jdk1.8.0_241\jre\lib\ext\localedata.jar;C:\Program Files\Java\jdk1.8.0_241\jre\lib\ext\nashorn.jar;C:\Program Files\Java\jdk1.8.0_241\jre\lib\ext\sunec.jar;C:\Program Files\Java\jdk1.8.0_241\jre\lib\ext\sunjce_provider.jar;C:\Program Files\Java\jdk1.8.0_241\jre\lib\ext\sunmscapi.jar;C:\Program Files\Java\jdk1.8.0_241\jre\lib\ext\sunpkcs11.jar;C:\Program Files\Java\jdk1.8.0_241\jre\lib\ext\zipfs.jar;C:\Program Files\Java\jdk1.8.0_241\jre\lib\javaws.jar;C:\Program Files\Java\jdk1.8.0_241\jre\lib\jce.jar;C:\Program Files\Java\jdk1.8.0_241\jre\lib\jfr.jar;C:\Program Files\Java\jdk1.8.0_241\jre\lib\jfxswt.jar;C:\Program Files\Java\jdk1.8.0_241\jre\lib\jsse.jar;C:\Program Files\Java\jdk1.8.0_241\jre\lib\management-agent.jar;C:\Program Files\Java\jdk1.8.0_241\jre\lib\plugin.jar;C:\Program Files\Java\jdk1.8.0_241\jre\lib\resources.jar;C:\Program Files\Java\jdk1.8.0_241\jre\lib\rt.jar;C:\Users\Mircea\Desktop\online-store\onlinestore-master\target\classes;C:\Users\Mircea\.m2\repository\org\springframework\boot\spring-boot-starter-data-jpa\2.3.3.RELEASE\spring-boot-starter-data-jpa-2.3.3.RELEASE.jar;C:\Users\Mircea\.m2\repository\org\springframework\boot\spring-boot-starter-aop\2.3.3.RELEASE\spring-boot-starter-aop-2.3.3.RELEASE.jar;C:\Users\Mircea\.m2\repository\org\aspectj\aspectjweaver\1.9.6\aspectjweaver-1.9.6.jar;C:\Users\Mircea\.m2\repository\org\springframework\boot\spring-boot-starter-jdbc\2.3.3.RELEASE\spring-boot-starter-jdbc-2.3.3.RELEASE.jar;C:\Users\Mircea\.m2\repository\com\zaxxer\HikariCP\3.4.5\HikariCP-3.4.5
Launcher Type: SUN_STANDARD

Environment Variables:
PATH=C:\Program Files (x86)\Common Files\Oracle\Java\javapath;C:\Windows\system32;C:\Windows;C:\Windows\System32\Wbem;C:\Windows\System32\WindowsPowerShell\v1.0\;C:\Windows\System32\OpenSSH\;C:\Program Files\Git\cmd;C:\Program Files\nodejs\;C:\ProgramData\chocolatey\bin;C:\Program Files\dotnet\;C:\Program Files\Microsoft SQL Server\130\Tools\Binn\;C:\Program Files\Microsoft SQL Server\Client SDK\ODBC\170\Tools\Binn\;C:\Users\Mircea\AppData\Local\Microsoft\WindowsApps;C:\Program Files\MySQL\MySQL Shell 8.0\bin\;C:\Program Files\JetBrains\IntelliJ IDEA Community Edition 2020.1.1\bin;;C:\Program Files (x86)\Notepad++;C:\Users\Mircea\AppData\Roaming\npm;C:\Users\Mircea\AppData\Local\Programs\Microsoft VS Code\bin;C:\Program Files\JetBrains\IntelliJ IDEA 2020.1.3\bin;;C:\Program Files\heroku\bin
USERNAME=Mircea
OS=Windows_NT
PROCESSOR_IDENTIFIER=Intel64 Family 6 Model 69 Stepping 1, GenuineIntel



---------------  S Y S T E M  ---------------

OS: Windows 10.0 , 64 bit Build 18362 (10.0.18362.959)

CPU:total 4 (initial active 4) (2 cores per cpu, 2 threads per core) family 6 model 69 stepping 1, cmov, cx8, fxsr, mmx, sse, sse2, sse3, ssse3, sse4.1, sse4.2, popcnt, avx, avx2, aes, clmul, erms, lzcnt, ht, tsc, tscinvbit, bmi1, bmi2

Memory: 4k page, physical 4063320k(291316k free), swap 16646232k(2208k free)

vm_info: Java HotSpot(TM) 64-Bit Server VM (25.241-b07) for windows-amd64 JRE (1.8.0_241-b07), built on Dec 11 2019 10:21:40 by "rejava" with MS VC++ 10.0 (VS2010)

time: Sat Aug 29 21:54:31 2020
timezone: GTB Summer Time
elapsed time: 6 seconds (0d 0h 0m 6s)

