#
# There is insufficient memory for the Java Runtime Environment to continue.
# Native memory allocation (malloc) failed to allocate 324368 bytes for Chunk::new
# Possible reasons:
#   The system is out of physical RAM or swap space
#   The process is running with CompressedOops enabled, and the Java Heap may be blocking the growth of the native heap
# Possible solutions:
#   Reduce memory load on the system
#   Increase physical memory or swap space
#   Check if swap backing store is full
#   Decrease Java heap size (-Xmx/-Xms)
#   Decrease number of Java threads
#   Decrease Java thread stack sizes (-Xss)
#   Set larger code cache with -XX:ReservedCodeCacheSize=
#   JVM is running with Unscaled Compressed Oops mode in which the Java heap is
#     placed in the first 4GB address space. The Java Heap base address is the
#     maximum limit for the native heap growth. Please use -XX:HeapBaseMinAddress
#     to set the Java Heap base and to place the Java Heap above 4GB virtual address.
# This output file may be truncated or incomplete.
#
#  Out of Memory Error (allocation.cpp:389), pid=9604, tid=0x0000000000000c80
#
# JRE version: Java(TM) SE Runtime Environment (8.0_241-b07) (build 1.8.0_241-b07)
# Java VM: Java HotSpot(TM) 64-Bit Server VM (25.241-b07 mixed mode windows-amd64 compressed oops)
# Failed to write core dump. Minidumps are not enabled by default on client versions of Windows
#

---------------  T H R E A D  ---------------

Current thread (0x000000001683e000):  JavaThread "C2 CompilerThread0" daemon [_thread_in_native, id=3200, stack(0x0000000016990000,0x0000000016a90000)]

Stack: [0x0000000016990000,0x0000000016a90000]
[error occurred during error reporting (printing stack bounds), id 0xc0000005]

Native frames: (J=compiled Java code, j=interpreted, Vv=VM code, C=native code)


Current CompileTask:
C2:   7919 2155       4       org.springframework.beans.factory.support.AbstractBeanFactory::isTypeMatch (607 bytes)


---------------  P R O C E S S  ---------------

Java Threads: ( => current thread )
  0x000000001688d800 JavaThread "Service Thread" daemon [_thread_blocked, id=17232, stack(0x0000000017490000,0x0000000017590000)]
  0x00000000167ca000 JavaThread "C1 CompilerThread2" daemon [_thread_blocked, id=11900, stack(0x0000000016b90000,0x0000000016c90000)]
  0x00000000167c7800 JavaThread "C2 CompilerThread1" daemon [_thread_blocked, id=6232, stack(0x0000000016a90000,0x0000000016b90000)]
=>0x000000001683e000 JavaThread "C2 CompilerThread0" daemon [_thread_in_native, id=3200, stack(0x0000000016990000,0x0000000016a90000)]
  0x00000000167ef000 JavaThread "Monitor Ctrl-Break" daemon [_thread_in_native, id=17372, stack(0x0000000016890000,0x0000000016990000)]
  0x0000000014e43000 JavaThread "Attach Listener" daemon [_thread_blocked, id=15936, stack(0x0000000016390000,0x0000000016490000)]
  0x0000000014e52800 JavaThread "Signal Dispatcher" daemon [_thread_blocked, id=8228, stack(0x0000000016290000,0x0000000016390000)]
  0x000000000287a000 JavaThread "Finalizer" daemon [_thread_blocked, id=14576, stack(0x0000000016090000,0x0000000016190000)]
  0x0000000014e2a000 JavaThread "Reference Handler" daemon [_thread_blocked, id=3628, stack(0x0000000015f90000,0x0000000016090000)]
  0x000000000257d000 JavaThread "main" [_thread_in_native, id=13300, stack(0x0000000002580000,0x0000000002680000)]

Other Threads:
  0x0000000014e08000 VMThread [stack: 0x0000000015e90000,0x0000000015f90000] [id=4964]
  0x0000000016d2c000 WatcherThread [stack: 0x0000000017590000,0x0000000017690000] [id=13752]

VM state:not at safepoint (normal execution)

VM Mutex/Monitor currently owned by a thread: None

heap address: 0x00000000c1e00000, size: 994 MB, Compressed Oops mode: 32-bit
Narrow klass base: 0x0000000000000000, Narrow klass shift: 3
Compressed class space size: 1073741824 Address: 0x0000000100000000

Heap:
 PSYoungGen      total 72192K, used 31723K [0x00000000eb500000, 0x00000000f4300000, 0x0000000100000000)
  eden space 65536K, 48% used [0x00000000eb500000,0x00000000ed3faf38,0x00000000ef500000)
  from space 6656K, 0% used [0x00000000ef500000,0x00000000ef500000,0x00000000efb80000)
  to   space 7168K, 0% used [0x00000000f3c00000,0x00000000f3c00000,0x00000000f4300000)
 ParOldGen       total 32768K, used 7603K [0x00000000c1e00000, 0x00000000c3e00000, 0x00000000eb500000)
  object space 32768K, 23% used [0x00000000c1e00000,0x00000000c256cd38,0x00000000c3e00000)
 Metaspace       used 22062K, capacity 22926K, committed 23088K, reserved 1069056K
  class space    used 2738K, capacity 2929K, committed 2944K, reserved 1048576K

Card table byte_map: [0x0000000011c40000,0x0000000011e40000] byte_map_base: 0x0000000011631000

Marking Bits: (ParMarkBitMap*) 0x000000007694be30
 Begin Bits: [0x0000000012390000, 0x0000000013318000)
 End Bits:   [0x0000000013318000, 0x00000000142a0000)

Polling page: 0x00000000006f0000

CodeCache: size=245760Kb used=7322Kb max_used=7322Kb free=238437Kb
 bounds [0x0000000002880000, 0x0000000002fb0000, 0x0000000011880000]
 total_blobs=2552 nmethods=2188 adapters=276
 compilation: enabled

Compilation events (10 events):
Event: 7.893 Thread 0x00000000167ca000 nmethod 2185 0x0000000002f95390 code [0x0000000002f95620, 0x0000000002f963c8]
Event: 7.893 Thread 0x00000000167ca000 2186       3       sun.misc.ProxyGenerator$ProxyMethod::codeUnwrapReturnValue (213 bytes)
Event: 7.896 Thread 0x00000000167c7800 nmethod 2156 0x0000000002f93910 code [0x0000000002f93a60, 0x0000000002f93cd8]
Event: 7.898 Thread 0x00000000167ca000 nmethod 2186 0x0000000002fa3890 code [0x0000000002fa3e80, 0x0000000002fa7b78]
Event: 7.898 Thread 0x00000000167ca000 2187       3       sun.misc.ProxyGenerator::access$1100 (5 bytes)
Event: 7.899 Thread 0x00000000167ca000 nmethod 2187 0x0000000002f95010 code [0x0000000002f95180, 0x0000000002f952e8]
Event: 7.899 Thread 0x00000000167ca000 2188       3       sun.misc.ProxyGenerator::computeUniqueCatchList (163 bytes)
Event: 7.901 Thread 0x00000000167ca000 nmethod 2188 0x0000000002faa090 code [0x0000000002faa400, 0x0000000002fabea8]
Event: 7.901 Thread 0x00000000167ca000 2189       3       org.springframework.core.annotation.AttributeMethods$$Lambda$7/1837760739::compare (12 bytes)
Event: 7.902 Thread 0x00000000167ca000 nmethod 2189 0x0000000002f94650 code [0x0000000002f947e0, 0x0000000002f94e48]

GC Heap History (10 events):
Event: 4.076 GC heap before
{Heap before GC invocations=4 (full 0):
 PSYoungGen      total 18944K, used 18917K [0x00000000eb500000, 0x00000000eda00000, 0x0000000100000000)
  eden space 16384K, 100% used [0x00000000eb500000,0x00000000ec500000,0x00000000ec500000)
  from space 2560K, 98% used [0x00000000ec500000,0x00000000ec779468,0x00000000ec780000)
  to   space 2560K, 0% used [0x00000000ed780000,0x00000000ed780000,0x00000000eda00000)
 ParOldGen       total 44032K, used 2105K [0x00000000c1e00000, 0x00000000c4900000, 0x00000000eb500000)
  object space 44032K, 4% used [0x00000000c1e00000,0x00000000c200e678,0x00000000c4900000)
 Metaspace       used 13030K, capacity 13498K, committed 13568K, reserved 1060864K
  class space    used 1597K, capacity 1739K, committed 1792K, reserved 1048576K
Event: 4.085 GC heap after
Heap after GC invocations=4 (full 0):
 PSYoungGen      total 35328K, used 2542K [0x00000000eb500000, 0x00000000eda00000, 0x0000000100000000)
  eden space 32768K, 0% used [0x00000000eb500000,0x00000000eb500000,0x00000000ed500000)
  from space 2560K, 99% used [0x00000000ed780000,0x00000000ed9fbb70,0x00000000eda00000)
  to   space 2560K, 0% used [0x00000000ed500000,0x00000000ed500000,0x00000000ed780000)
 ParOldGen       total 44032K, used 3744K [0x00000000c1e00000, 0x00000000c4900000, 0x00000000eb500000)
  object space 44032K, 8% used [0x00000000c1e00000,0x00000000c21a81b0,0x00000000c4900000)
 Metaspace       used 13030K, capacity 13498K, committed 13568K, reserved 1060864K
  class space    used 1597K, capacity 1739K, committed 1792K, reserved 1048576K
}
Event: 4.665 GC heap before
{Heap before GC invocations=5 (full 0):
 PSYoungGen      total 35328K, used 35310K [0x00000000eb500000, 0x00000000eda00000, 0x0000000100000000)
  eden space 32768K, 100% used [0x00000000eb500000,0x00000000ed500000,0x00000000ed500000)
  from space 2560K, 99% used [0x00000000ed780000,0x00000000ed9fbb70,0x00000000eda00000)
  to   space 2560K, 0% used [0x00000000ed500000,0x00000000ed500000,0x00000000ed780000)
 ParOldGen       total 44032K, used 3744K [0x00000000c1e00000, 0x00000000c4900000, 0x00000000eb500000)
  object space 44032K, 8% used [0x00000000c1e00000,0x00000000c21a81b0,0x00000000c4900000)
 Metaspace       used 16559K, capacity 17090K, committed 17280K, reserved 1064960K
  class space    used 2018K, capacity 2159K, committed 2176K, reserved 1048576K
Event: 4.681 GC heap after
Heap after GC invocations=5 (full 0):
 PSYoungGen      total 35328K, used 2533K [0x00000000eb500000, 0x00000000f0200000, 0x0000000100000000)
  eden space 32768K, 0% used [0x00000000eb500000,0x00000000eb500000,0x00000000ed500000)
  from space 2560K, 98% used [0x00000000ed500000,0x00000000ed779468,0x00000000ed780000)
  to   space 6656K, 0% used [0x00000000efb80000,0x00000000efb80000,0x00000000f0200000)
 ParOldGen       total 44032K, used 7385K [0x00000000c1e00000, 0x00000000c4900000, 0x00000000eb500000)
  object space 44032K, 16% used [0x00000000c1e00000,0x00000000c25364b0,0x00000000c4900000)
 Metaspace       used 16559K, capacity 17090K, committed 17280K, reserved 1064960K
  class space    used 2018K, capacity 2159K, committed 2176K, reserved 1048576K
}
Event: 5.047 GC heap before
{Heap before GC invocations=6 (full 0):
 PSYoungGen      total 35328K, used 35266K [0x00000000eb500000, 0x00000000f0200000, 0x0000000100000000)
  eden space 32768K, 99% used [0x00000000eb500000,0x00000000ed4f7408,0x00000000ed500000)
  from space 2560K, 98% used [0x00000000ed500000,0x00000000ed779468,0x00000000ed780000)
  to   space 6656K, 0% used [0x00000000efb80000,0x00000000efb80000,0x00000000f0200000)
 ParOldGen       total 44032K, used 7385K [0x00000000c1e00000, 0x00000000c4900000, 0x00000000eb500000)
  object space 44032K, 16% used [0x00000000c1e00000,0x00000000c25364b0,0x00000000c4900000)
 Metaspace       used 18697K, capacity 19242K, committed 19456K, reserved 1067008K
  class space    used 2316K, capacity 2465K, committed 2560K, reserved 1048576K
Event: 5.063 GC heap after
Heap after GC invocations=6 (full 0):
 PSYoungGen      total 72192K, used 4840K [0x00000000eb500000, 0x00000000f0200000, 0x0000000100000000)
  eden space 65536K, 0% used [0x00000000eb500000,0x00000000eb500000,0x00000000ef500000)
  from space 6656K, 72% used [0x00000000efb80000,0x00000000f003a310,0x00000000f0200000)
  to   space 6656K, 0% used [0x00000000ef500000,0x00000000ef500000,0x00000000efb80000)
 ParOldGen       total 44032K, used 7393K [0x00000000c1e00000, 0x00000000c4900000, 0x00000000eb500000)
  object space 44032K, 16% used [0x00000000c1e00000,0x00000000c25384b0,0x00000000c4900000)
 Metaspace       used 18697K, capacity 19242K, committed 19456K, reserved 1067008K
  class space    used 2316K, capacity 2465K, committed 2560K, reserved 1048576K
}
Event: 6.795 GC heap before
{Heap before GC invocations=7 (full 0):
 PSYoungGen      total 72192K, used 64273K [0x00000000eb500000, 0x00000000f0200000, 0x0000000100000000)
  eden space 65536K, 90% used [0x00000000eb500000,0x00000000eef0a138,0x00000000ef500000)
  from space 6656K, 72% used [0x00000000efb80000,0x00000000f003a310,0x00000000f0200000)
  to   space 6656K, 0% used [0x00000000ef500000,0x00000000ef500000,0x00000000efb80000)
 ParOldGen       total 44032K, used 7393K [0x00000000c1e00000, 0x00000000c4900000, 0x00000000eb500000)
  object space 44032K, 16% used [0x00000000c1e00000,0x00000000c25384b0,0x00000000c4900000)
 Metaspace       used 20430K, capacity 21140K, committed 21296K, reserved 1069056K
  class space    used 2511K, capacity 2668K, committed 2688K, reserved 1048576K
Event: 6.809 GC heap after
Heap after GC invocations=7 (full 0):
 PSYoungGen      total 72192K, used 5437K [0x00000000eb500000, 0x00000000f4300000, 0x0000000100000000)
  eden space 65536K, 0% used [0x00000000eb500000,0x00000000eb500000,0x00000000ef500000)
  from space 6656K, 81% used [0x00000000ef500000,0x00000000efa4f5b8,0x00000000efb80000)
  to   space 7168K, 0% used [0x00000000f3c00000,0x00000000f3c00000,0x00000000f4300000)
 ParOldGen       total 44032K, used 8786K [0x00000000c1e00000, 0x00000000c4900000, 0x00000000eb500000)
  object space 44032K, 19% used [0x00000000c1e00000,0x00000000c2694ad0,0x00000000c4900000)
 Metaspace       used 20430K, capacity 21140K, committed 21296K, reserved 1069056K
  class space    used 2511K, capacity 2668K, committed 2688K, reserved 1048576K
}
Event: 6.809 GC heap before
{Heap before GC invocations=8 (full 1):
 PSYoungGen      total 72192K, used 5437K [0x00000000eb500000, 0x00000000f4300000, 0x0000000100000000)
  eden space 65536K, 0% used [0x00000000eb500000,0x00000000eb500000,0x00000000ef500000)
  from space 6656K, 81% used [0x00000000ef500000,0x00000000efa4f5b8,0x00000000efb80000)
  to   space 7168K, 0% used [0x00000000f3c00000,0x00000000f3c00000,0x00000000f4300000)
 ParOldGen       total 44032K, used 8786K [0x00000000c1e00000, 0x00000000c4900000, 0x00000000eb500000)
  object space 44032K, 19% used [0x00000000c1e00000,0x00000000c2694ad0,0x00000000c4900000)
 Metaspace       used 20430K, capacity 21140K, committed 21296K, reserved 1069056K
  class space    used 2511K, capacity 2668K, committed 2688K, reserved 1048576K
Event: 6.862 GC heap after
Heap after GC invocations=8 (full 1):
 PSYoungGen      total 72192K, used 0K [0x00000000eb500000, 0x00000000f4300000, 0x0000000100000000)
  eden space 65536K, 0% used [0x00000000eb500000,0x00000000eb500000,0x00000000ef500000)
  from space 6656K, 0% used [0x00000000ef500000,0x00000000ef500000,0x00000000efb80000)
  to   space 7168K, 0% used [0x00000000f3c00000,0x00000000f3c00000,0x00000000f4300000)
 ParOldGen       total 32768K, used 7603K [0x00000000c1e00000, 0x00000000c3e00000, 0x00000000eb500000)
  object space 32768K, 23% used [0x00000000c1e00000,0x00000000c256cd38,0x00000000c3e00000)
 Metaspace       used 20430K, capacity 21140K, committed 21296K, reserved 1069056K
  class space    used 2511K, capacity 2668K, committed 2688K, reserved 1048576K
}

Deoptimization events (10 events):
Event: 5.671 Thread 0x000000000257d000 Uncommon trap: reason=class_check action=maybe_recompile pc=0x0000000002d9124c method=java.util.Properties$LineReader.readLine()I @ 410
Event: 5.855 Thread 0x000000000257d000 Uncommon trap: reason=class_check action=maybe_recompile pc=0x0000000002c7fc90 method=java.util.HashMap.putVal(ILjava/lang/Object;Ljava/lang/Object;ZZ)Ljava/lang/Object; @ 203
Event: 6.269 Thread 0x000000000257d000 Uncommon trap: reason=class_check action=maybe_recompile pc=0x0000000002c7fc90 method=java.util.HashMap.putVal(ILjava/lang/Object;Ljava/lang/Object;ZZ)Ljava/lang/Object; @ 203
Event: 6.474 Thread 0x000000000257d000 Uncommon trap: reason=class_check action=maybe_recompile pc=0x0000000002c7fc90 method=java.util.HashMap.putVal(ILjava/lang/Object;Ljava/lang/Object;ZZ)Ljava/lang/Object; @ 203
Event: 7.329 Thread 0x000000000257d000 Uncommon trap: reason=class_check action=maybe_recompile pc=0x0000000002a81814 method=java.lang.String.equals(Ljava/lang/Object;)Z @ 8
Event: 7.329 Thread 0x000000000257d000 Uncommon trap: reason=class_check action=maybe_recompile pc=0x0000000002a81814 method=java.lang.String.equals(Ljava/lang/Object;)Z @ 8
Event: 7.329 Thread 0x000000000257d000 Uncommon trap: reason=class_check action=maybe_recompile pc=0x0000000002a81814 method=java.lang.String.equals(Ljava/lang/Object;)Z @ 8
Event: 7.332 Thread 0x000000000257d000 Uncommon trap: reason=unstable_if action=reinterpret pc=0x0000000002e8b4e8 method=org.springframework.core.annotation.MergedAnnotationsCollection.isMappingForType(Lorg/springframework/core/annotation/AnnotationTypeMapping;Ljava/lang/Object;)Z @ 13
Event: 7.332 Thread 0x000000000257d000 Uncommon trap: reason=class_check action=maybe_recompile pc=0x0000000002a81814 method=java.lang.String.equals(Ljava/lang/Object;)Z @ 8
Event: 7.826 Thread 0x000000000257d000 Uncommon trap: reason=unstable_if action=reinterpret pc=0x0000000002f87230 method=org.springframework.beans.factory.support.AbstractBeanFactory.isFactoryBean(Ljava/lang/String;Lorg/springframework/beans/factory/support/RootBeanDefinition;)Z @ 38

Classes redefined (0 events):
No events

Internal exceptions (10 events):
Event: 4.748 Thread 0x000000000257d000 Exception <a 'java/lang/ClassNotFoundException': org/springframework/beans/factory/AwareCustomizer> (0x00000000ebca9f80) thrown at [C:\ade\jenkins\workspace\8-2-build-windows-amd64-cygwin\jdk8u241\331\hotspot\src\share\vm\classfile\systemDictionary.cpp, l
Event: 4.749 Thread 0x000000000257d000 Exception <a 'java/lang/ClassNotFoundException': org/springframework/beans/factory/BeanClassLoaderAwareCustomizer> (0x00000000ebcc29e8) thrown at [C:\ade\jenkins\workspace\8-2-build-windows-amd64-cygwin\jdk8u241\331\hotspot\src\share\vm\classfile\systemDi
Event: 4.750 Thread 0x000000000257d000 Exception <a 'java/lang/ClassNotFoundException': org/springframework/beans/factory/AwareCustomizer> (0x00000000ebcd8080) thrown at [C:\ade\jenkins\workspace\8-2-build-windows-amd64-cygwin\jdk8u241\331\hotspot\src\share\vm\classfile\systemDictionary.cpp, l
Event: 4.751 Thread 0x000000000257d000 Exception <a 'java/lang/ClassNotFoundException': org/springframework/context/EnvironmentAwareCustomizer> (0x00000000ebcedba8) thrown at [C:\ade\jenkins\workspace\8-2-build-windows-amd64-cygwin\jdk8u241\331\hotspot\src\share\vm\classfile\systemDictionary.c
Event: 4.752 Thread 0x000000000257d000 Exception <a 'java/lang/ClassNotFoundException': org/springframework/beans/factory/AwareCustomizer> (0x00000000ebd03120) thrown at [C:\ade\jenkins\workspace\8-2-build-windows-amd64-cygwin\jdk8u241\331\hotspot\src\share\vm\classfile\systemDictionary.cpp, l
Event: 4.855 Thread 0x000000001660d000 Exception <a 'java/lang/IncompatibleClassChangeError': Found class java.lang.Object, but interface was expected> (0x00000000ec4b83d0) thrown at [C:\ade\jenkins\workspace\8-2-build-windows-amd64-cygwin\jdk8u241\331\hotspot\src\share\vm\interpreter\linkReso
Event: 5.313 Thread 0x000000000257d000 Exception <a 'java/lang/NoSuchMethodError': java.lang.Object.lambda$or$2(Ljava/util/function/Predicate;Ljava/lang/Object;)Z> (0x00000000ed390030) thrown at [C:\ade\jenkins\workspace\8-2-build-windows-amd64-cygwin\jdk8u241\331\hotspot\src\share\vm\interpre
Event: 5.534 Thread 0x000000000257d000 Exception <a 'java/lang/IncompatibleClassChangeError': Found class java.lang.Object, but interface was expected> (0x00000000ede1c558) thrown at [C:\ade\jenkins\workspace\8-2-build-windows-amd64-cygwin\jdk8u241\331\hotspot\src\share\vm\interpreter\linkReso
Event: 6.083 Thread 0x000000000257d000 Exception <a 'java/lang/NoSuchMethodError': java.lang.Object.lambda$getAllAnnotationAttributes$0(Lorg/springframework/util/MultiValueMap;)Lorg/springframework/util/MultiValueMap;> (0x00000000ee081198) thrown at [C:\ade\jenkins\workspace\8-2-build-windows-
Event: 6.087 Thread 0x000000000257d000 Exception <a 'java/lang/NoSuchMethodError': java.lang.Object.lambda$identity$2(Ljava/lang/Object;)Ljava/lang/Object;> (0x00000000ee098ca8) thrown at [C:\ade\jenkins\workspace\8-2-build-windows-amd64-cygwin\jdk8u241\331\hotspot\src\share\vm\interpreter\lin

Events (10 events):
Event: 7.910 loading class org/springframework/data/repository/core/support/RepositoryFactorySupport
Event: 7.910 loading class org/springframework/data/repository/core/support/RepositoryFactorySupport done
Event: 7.912 loading class org/springframework/data/repository/config/RepositoryConfiguration
Event: 7.912 loading class org/springframework/data/repository/config/RepositoryConfiguration done
Event: 7.913 loading class org/springframework/dao/InvalidDataAccessApiUsageException
Event: 7.913 loading class org/springframework/dao/InvalidDataAccessApiUsageException done
Event: 7.914 loading class org/springframework/data/jpa/repository/config/InspectionClassLoader
Event: 7.914 loading class org/springframework/data/jpa/repository/config/InspectionClassLoader done
Event: 7.915 loading class org/springframework/instrument/classloading/ShadowingClassLoader
Event: 7.915 loading class org/springframework/instrument/classloading/ShadowingClassLoader done


Dynamic libraries:
0x00007ff76a1c0000 - 0x00007ff76a1f7000 	C:\Program Files\Java\jdk1.8.0_241\bin\java.exe
0x00007ff866ca0000 - 0x00007ff866e90000 	C:\Windows\SYSTEM32\ntdll.dll
0x00007ff866890000 - 0x00007ff866942000 	C:\Windows\System32\KERNEL32.DLL
0x00007ff864aa0000 - 0x00007ff864d44000 	C:\Windows\System32\KERNELBASE.dll
0x00007ff8667e0000 - 0x00007ff866883000 	C:\Windows\System32\ADVAPI32.dll
0x00007ff866a70000 - 0x00007ff866b0e000 	C:\Windows\System32\msvcrt.dll
0x00007ff865fe0000 - 0x00007ff866077000 	C:\Windows\System32\sechost.dll
0x00007ff866950000 - 0x00007ff866a70000 	C:\Windows\System32\RPCRT4.dll
0x00007ff865e40000 - 0x00007ff865fd4000 	C:\Windows\System32\USER32.dll
0x00007ff863c20000 - 0x00007ff863c41000 	C:\Windows\System32\win32u.dll
0x00007ff866560000 - 0x00007ff866586000 	C:\Windows\System32\GDI32.dll
0x00007ff863cb0000 - 0x00007ff863e46000 	C:\Windows\System32\gdi32full.dll
0x00007ff863e50000 - 0x00007ff863eee000 	C:\Windows\System32\msvcp_win.dll
0x00007ff864140000 - 0x00007ff86423a000 	C:\Windows\System32\ucrtbase.dll
0x00007ff8540c0000 - 0x00007ff854344000 	C:\Windows\WinSxS\amd64_microsoft.windows.common-controls_6595b64144ccf1df_6.0.18362.959_none_e6c7bbbf130c62bb\COMCTL32.dll
0x00007ff865720000 - 0x00007ff865a55000 	C:\Windows\System32\combase.dll
0x00007ff864240000 - 0x00007ff8642c0000 	C:\Windows\System32\bcryptPrimitives.dll
0x00007ff865e10000 - 0x00007ff865e3e000 	C:\Windows\System32\IMM32.DLL
0x00000000769d0000 - 0x0000000076aa2000 	C:\Program Files\Java\jdk1.8.0_241\jre\bin\msvcr100.dll
0x0000000076120000 - 0x00000000769cc000 	C:\Program Files\Java\jdk1.8.0_241\jre\bin\server\jvm.dll
0x00007ff866b90000 - 0x00007ff866b98000 	C:\Windows\System32\PSAPI.DLL
0x00007ff85ae20000 - 0x00007ff85ae29000 	C:\Windows\SYSTEM32\WSOCK32.dll
0x00007ff866590000 - 0x00007ff8665ff000 	C:\Windows\System32\WS2_32.dll
0x00007ff8533c0000 - 0x00007ff8533ca000 	C:\Windows\SYSTEM32\VERSION.dll
0x00007ff85fe80000 - 0x00007ff85fea4000 	C:\Windows\SYSTEM32\WINMM.dll
0x00007ff85fe50000 - 0x00007ff85fe7d000 	C:\Windows\SYSTEM32\WINMMBASE.dll
0x00007ff8642c0000 - 0x00007ff86430a000 	C:\Windows\System32\cfgmgr32.dll
0x00007ff860200000 - 0x00007ff86020f000 	C:\Program Files\Java\jdk1.8.0_241\jre\bin\verify.dll
0x00007ff85c010000 - 0x00007ff85c039000 	C:\Program Files\Java\jdk1.8.0_241\jre\bin\java.dll
0x00007ff85bf50000 - 0x00007ff85bf73000 	C:\Program Files\Java\jdk1.8.0_241\jre\bin\instrument.dll
0x00007ff85bff0000 - 0x00007ff85c006000 	C:\Program Files\Java\jdk1.8.0_241\jre\bin\zip.dll
0x00007ff864d50000 - 0x00007ff865436000 	C:\Windows\System32\SHELL32.dll
0x00007ff866bb0000 - 0x00007ff866c59000 	C:\Windows\System32\shcore.dll
0x00007ff864310000 - 0x00007ff864a92000 	C:\Windows\System32\windows.storage.dll
0x00007ff863bd0000 - 0x00007ff863bf3000 	C:\Windows\System32\profapi.dll
0x00007ff863b80000 - 0x00007ff863bca000 	C:\Windows\System32\powrprof.dll
0x00007ff863b50000 - 0x00007ff863b60000 	C:\Windows\System32\UMPDC.dll
0x00007ff865b10000 - 0x00007ff865b62000 	C:\Windows\System32\shlwapi.dll
0x00007ff863c00000 - 0x00007ff863c11000 	C:\Windows\System32\kernel.appcore.dll
0x00007ff863ef0000 - 0x00007ff863f07000 	C:\Windows\System32\cryptsp.dll
0x00007ff85bf30000 - 0x00007ff85bf4a000 	C:\Program Files\JetBrains\IntelliJ IDEA Community Edition 2020.1.1\bin\breakgen64.dll
0x00007ff85bfd0000 - 0x00007ff85bfea000 	C:\Program Files\Java\jdk1.8.0_241\jre\bin\net.dll
0x00007ff8633c0000 - 0x00007ff863427000 	C:\Windows\system32\mswsock.dll
0x00007ff85e2e0000 - 0x00007ff85e2ed000 	C:\Program Files\Java\jdk1.8.0_241\jre\bin\management.dll
0x00007ff84ee80000 - 0x00007ff84ee96000 	C:\Windows\system32\napinsp.dll
0x00007ff84e320000 - 0x00007ff84e33a000 	C:\Windows\system32\pnrpnsp.dll
0x00007ff863110000 - 0x00007ff8631db000 	C:\Windows\SYSTEM32\DNSAPI.dll
0x00007ff865b70000 - 0x00007ff865b78000 	C:\Windows\System32\NSI.dll
0x00007ff8630d0000 - 0x00007ff86310a000 	C:\Windows\SYSTEM32\IPHLPAPI.DLL
0x00007ff84fcd0000 - 0x00007ff84fcde000 	C:\Windows\System32\winrnr.dll
0x00007ff85fe30000 - 0x00007ff85fe4c000 	C:\Windows\system32\NLAapi.dll
0x00007ff85f260000 - 0x00007ff85f275000 	C:\Windows\system32\wshbth.dll
0x00007ff853e30000 - 0x00007ff853e3a000 	C:\Windows\System32\rasadhlp.dll
0x00007ff85ad30000 - 0x00007ff85ada7000 	C:\Windows\System32\fwpuclnt.dll
0x00007ff863fc0000 - 0x00007ff863fe6000 	C:\Windows\System32\bcrypt.dll
0x00007ff85bfb0000 - 0x00007ff85bfc2000 	C:\Program Files\Java\jdk1.8.0_241\jre\bin\nio.dll

VM Arguments:
jvm_args: -javaagent:C:\Program Files\JetBrains\IntelliJ IDEA Community Edition 2020.1.1\lib\idea_rt.jar=50040:C:\Program Files\JetBrains\IntelliJ IDEA Community Edition 2020.1.1\bin -Dfile.encoding=UTF-8 
java_command: com.rosu.onlinestore.OnlinestoreApplication
java_class_path (initial): C:\Program Files\Java\jdk1.8.0_241\jre\lib\charsets.jar;C:\Program Files\Java\jdk1.8.0_241\jre\lib\deploy.jar;C:\Program Files\Java\jdk1.8.0_241\jre\lib\ext\access-bridge-64.jar;C:\Program Files\Java\jdk1.8.0_241\jre\lib\ext\cldrdata.jar;C:\Program Files\Java\jdk1.8.0_241\jre\lib\ext\dnsns.jar;C:\Program Files\Java\jdk1.8.0_241\jre\lib\ext\jaccess.jar;C:\Program Files\Java\jdk1.8.0_241\jre\lib\ext\jfxrt.jar;C:\Program Files\Java\jdk1.8.0_241\jre\lib\ext\localedata.jar;C:\Program Files\Java\jdk1.8.0_241\jre\lib\ext\nashorn.jar;C:\Program Files\Java\jdk1.8.0_241\jre\lib\ext\sunec.jar;C:\Program Files\Java\jdk1.8.0_241\jre\lib\ext\sunjce_provider.jar;C:\Program Files\Java\jdk1.8.0_241\jre\lib\ext\sunmscapi.jar;C:\Program Files\Java\jdk1.8.0_241\jre\lib\ext\sunpkcs11.jar;C:\Program Files\Java\jdk1.8.0_241\jre\lib\ext\zipfs.jar;C:\Program Files\Java\jdk1.8.0_241\jre\lib\javaws.jar;C:\Program Files\Java\jdk1.8.0_241\jre\lib\jce.jar;C:\Program Files\Java\jdk1.8.0_241\jre\lib\jfr.jar;C:\Program Files\Java\jdk1.8.0_241\jre\lib\jfxswt.jar;C:\Program Files\Java\jdk1.8.0_241\jre\lib\jsse.jar;C:\Program Files\Java\jdk1.8.0_241\jre\lib\management-agent.jar;C:\Program Files\Java\jdk1.8.0_241\jre\lib\plugin.jar;C:\Program Files\Java\jdk1.8.0_241\jre\lib\resources.jar;C:\Program Files\Java\jdk1.8.0_241\jre\lib\rt.jar;C:\Users\Mircea\Desktop\online-store\onlinestore-master\target\classes;C:\Users\Mircea\.m2\repository\org\springframework\boot\spring-boot-starter-data-jpa\2.3.3.RELEASE\spring-boot-starter-data-jpa-2.3.3.RELEASE.jar;C:\Users\Mircea\.m2\repository\org\springframework\boot\spring-boot-starter-aop\2.3.3.RELEASE\spring-boot-starter-aop-2.3.3.RELEASE.jar;C:\Users\Mircea\.m2\repository\org\aspectj\aspectjweaver\1.9.6\aspectjweaver-1.9.6.jar;C:\Users\Mircea\.m2\repository\org\springframework\boot\spring-boot-starter-jdbc\2.3.3.RELEASE\spring-boot-starter-jdbc-2.3.3.RELEASE.jar;C:\Users\Mircea\.m2\repository\com\zaxxer\HikariCP\3.4.5\HikariCP-3.4.5
Launcher Type: SUN_STANDARD

Environment Variables:
PATH=C:\Program Files (x86)\Common Files\Oracle\Java\javapath;C:\Windows\system32;C:\Windows;C:\Windows\System32\Wbem;C:\Windows\System32\WindowsPowerShell\v1.0\;C:\Windows\System32\OpenSSH\;C:\Program Files\Git\cmd;C:\Program Files\nodejs\;C:\ProgramData\chocolatey\bin;C:\Program Files\dotnet\;C:\Program Files\Microsoft SQL Server\130\Tools\Binn\;C:\Program Files\Microsoft SQL Server\Client SDK\ODBC\170\Tools\Binn\;C:\Users\Mircea\AppData\Local\Microsoft\WindowsApps;C:\Program Files\MySQL\MySQL Shell 8.0\bin\;C:\Program Files\JetBrains\IntelliJ IDEA Community Edition 2020.1.1\bin;;C:\Program Files (x86)\Notepad++;C:\Users\Mircea\AppData\Roaming\npm;C:\Users\Mircea\AppData\Local\Programs\Microsoft VS Code\bin;C:\Program Files\JetBrains\IntelliJ IDEA 2020.1.3\bin;;C:\Program Files\heroku\bin
USERNAME=Mircea
OS=Windows_NT
PROCESSOR_IDENTIFIER=Intel64 Family 6 Model 69 Stepping 1, GenuineIntel



---------------  S Y S T E M  ---------------

OS: Windows 10.0 , 64 bit Build 18362 (10.0.18362.959)

CPU:total 4 (initial active 4) (2 cores per cpu, 2 threads per core) family 6 model 69 stepping 1, cmov, cx8, fxsr, mmx, sse, sse2, sse3, ssse3, sse4.1, sse4.2, popcnt, avx, avx2, aes, clmul, erms, lzcnt, ht, tsc, tscinvbit, bmi1, bmi2

Memory: 4k page, physical 4063320k(375124k free), swap 16646232k(3244k free)

vm_info: Java HotSpot(TM) 64-Bit Server VM (25.241-b07) for windows-amd64 JRE (1.8.0_241-b07), built on Dec 11 2019 10:21:40 by "rejava" with MS VC++ 10.0 (VS2010)

time: Sat Aug 29 21:57:45 2020
timezone: GTB Summer Time
elapsed time: 7 seconds (0d 0h 0m 7s)

